<?xml version="1.0" encoding="UTF-8" standalone="yes"?><!DOCTYPE report PUBLIC "-//JACOCO//DTD Report 1.1//EN" "report.dtd"><report name="untitled"><sessioninfo id="SIGMA-09007-a24f36fe" start="1675250817527" dump="1675250819846"/><sessioninfo id="SIGMA-09007-911c2e4a" start="1675253718441" dump="1675253720996"/><sessioninfo id="SIGMA-09007-d0d9f17d" start="1675323743780" dump="1675323746220"/><sessioninfo id="SIGMA-09007-75455247" start="1675324725380" dump="1675324727319"/><sessioninfo id="SIGMA-09007-7fb2b782" start="1675328909278" dump="1675328911331"/><sessioninfo id="SIGMA-09007-cca06729" start="1675329136778" dump="1675329138748"/><sessioninfo id="SIGMA-09007-348be68" start="1675329231989" dump="1675329233801"/><sessioninfo id="SIGMA-09007-66d872b0" start="1675330076707" dump="1675330078624"/><sessioninfo id="SIGMA-09007-a2c41f8f" start="1675330288165" dump="1675330290006"/><sessioninfo id="SIGMA-09007-166c104a" start="1675330636351" dump="1675330638350"/><sessioninfo id="SIGMA-09007-94b64243" start="1675331764764" dump="1675331766739"/><sessioninfo id="SIGMA-09007-b3e58298" start="1675333532764" dump="1675333535551"/><sessioninfo id="SIGMA-09007-358df519" start="1675333784845" dump="1675333786826"/><sessioninfo id="SIGMA-09007-59aee15f" start="1675333868162" dump="1675333870086"/><sessioninfo id="SIGMA-09007-3d58898e" start="1675334411681" dump="1675334413716"/><sessioninfo id="SIGMA-09007-428a9939" start="1675335675351" dump="1675335677139"/><sessioninfo id="SIGMA-09007-2866eb55" start="1675342357905" dump="1675342361010"/><sessioninfo id="SIGMA-09007-d68ab318" start="1675343053071" dump="1675343054982"/><sessioninfo id="SIGMA-09007-900917c4" start="1675343373098" dump="1675343375090"/><sessioninfo id="SIGMA-09007-4bfe6e76" start="1675345654129" dump="1675345655986"/><sessioninfo id="SIGMA-09007-9effd6f8" start="1675345677474" dump="1675345679350"/><sessioninfo id="SIGMA-09007-2e05d669" start="1675345884813" dump="1675345886905"/><sessioninfo id="SIGMA-09007-a94eadbc" start="1675346479909" dump="1675346481995"/><sessioninfo id="SIGMA-09007-79251e5d" start="1675346716725" dump="1675346718593"/><sessioninfo id="SIGMA-09007-dc26040d" start="1675350254154" dump="1675350256221"/><sessioninfo id="SIGMA-09007-9c9c2701" start="1675350744700" dump="1675350746741"/><sessioninfo id="SIGMA-09007-1273391b" start="1675351356045" dump="1675351358056"/><sessioninfo id="SIGMA-09007-829ce18a" start="1675351398275" dump="1675351400242"/><sessioninfo id="SIGMA-09007-2ac938de" start="1675351558190" dump="1675351560300"/><sessioninfo id="SIGMA-09007-f89e8bc5" start="1675351708464" dump="1675351710455"/><sessioninfo id="SIGMA-09007-d9c7cc28" start="1675355465140" dump="1675355467134"/><sessioninfo id="SIGMA-09007-f851ed15" start="1675355566228" dump="1675355568278"/><sessioninfo id="SIGMA-09007-a0674fbe" start="1675356741098" dump="1675356743224"/><sessioninfo id="SIGMA-09007-350216b2" start="1675356954069" dump="1675356956051"/><sessioninfo id="SIGMA-09007-ef526187" start="1675357181373" dump="1675357183487"/><sessioninfo id="SIGMA-09007-e0f5cb46" start="1675358436109" dump="1675358438452"/><sessioninfo id="SIGMA-09007-ba94336d" start="1675359237562" dump="1675359239741"/><sessioninfo id="SIGMA-09007-a57dad84" start="1675359637467" dump="1675359639883"/><sessioninfo id="SIGMA-09007-9063aef4" start="1675359897460" dump="1675359899797"/><sessioninfo id="SIGMA-09007-5096359" start="1675359925911" dump="1675359927945"/><sessioninfo id="SIGMA-09007-2188fcc9" start="1675360165887" dump="1675360168026"/><sessioninfo id="SIGMA-09007-a68328cb" start="1675404033569" dump="1675404035729"/><sessioninfo id="SIGMA-09007-5b81bc05" start="1675404141967" dump="1675404144079"/><sessioninfo id="SIGMA-09007-9ea7068c" start="1675404245238" dump="1675404247263"/><sessioninfo id="SIGMA-09007-83ea6671" start="1675404449950" dump="1675404452324"/><sessioninfo id="SIGMA-09007-307dfd4e" start="1675404685083" dump="1675404687212"/><sessioninfo id="SIGMA-09007-9f95748f" start="1675404781403" dump="1675404783776"/><sessioninfo id="SIGMA-09007-ffea7567" start="1675404838765" dump="1675404840983"/><sessioninfo id="SIGMA-09007-59ebd495" start="1675405050234" dump="1675405052182"/><sessioninfo id="SIGMA-09007-eba7e0fa" start="1675405093886" dump="1675405095904"/><sessioninfo id="SIGMA-09007-8dc0f336" start="1675408872809" dump="1675408875117"/><sessioninfo id="SIGMA-09007-1b8d6cc6" start="1675409856054" dump="1675409860852"/><sessioninfo id="SIGMA-09007-a421fc0" start="1675410735734" dump="1675410737818"/><package name="com/example"><class name="com/example/Feline" sourcefilename="Feline.java"><method name="&lt;init&gt;" desc="()V" line="5"><counter type="INSTRUCTION" missed="0" covered="3"/><counter type="LINE" missed="0" covered="1"/><counter type="COMPLEXITY" missed="0" covered="1"/><counter type="METHOD" missed="0" covered="1"/></method><method name="eatMeat" desc="()Ljava/util/List;" line="9"><counter type="INSTRUCTION" missed="4" covered="0"/><counter type="LINE" missed="1" covered="0"/><counter type="COMPLEXITY" missed="1" covered="0"/><counter type="METHOD" missed="1" covered="0"/></method><method name="getFamily" desc="()Ljava/lang/String;" line="14"><counter type="INSTRUCTION" missed="0" covered="2"/><counter type="LINE" missed="0" covered="1"/><counter type="COMPLEXITY" missed="0" covered="1"/><counter type="METHOD" missed="0" covered="1"/></method><method name="getKittens" desc="()I" line="18"><counter type="INSTRUCTION" missed="0" covered="4"/><counter type="LINE" missed="0" covered="1"/><counter type="COMPLEXITY" missed="0" covered="1"/><counter type="METHOD" missed="0" covered="1"/></method><method name="getKittens" desc="(I)I" line="22"><counter type="INSTRUCTION" missed="0" covered="2"/><counter type="LINE" missed="0" covered="1"/><counter type="COMPLEXITY" missed="0" covered="1"/><counter type="METHOD" missed="0" covered="1"/></method><counter type="INSTRUCTION" missed="4" covered="11"/><counter type="LINE" missed="1" covered="4"/><counter type="COMPLEXITY" missed="1" covered="4"/><counter type="METHOD" missed="1" covered="4"/><counter type="CLASS" missed="0" covered="1"/></class><class name="com/example/Animal" sourcefilename="Animal.java"><method name="&lt;init&gt;" desc="()V" line="5"><counter type="INSTRUCTION" missed="0" covered="3"/><counter type="LINE" missed="0" covered="1"/><counter type="COMPLEXITY" missed="0" covered="1"/><counter type="METHOD" missed="0" covered="1"/></method><method name="getFood" desc="(Ljava/lang/String;)Ljava/util/List;" line="8"><counter type="INSTRUCTION" missed="4" covered="18"/><counter type="BRANCH" missed="1" covered="3"/><counter type="LINE" missed="1" covered="4"/><counter type="COMPLEXITY" missed="1" covered="2"/><counter type="METHOD" missed="0" covered="1"/></method><method name="getFamily" desc="()Ljava/lang/String;" line="18"><counter type="INSTRUCTION" missed="2" covered="0"/><counter type="LINE" missed="1" covered="0"/><counter type="COMPLEXITY" missed="1" covered="0"/><counter type="METHOD" missed="1" covered="0"/></method><counter type="INSTRUCTION" missed="6" covered="21"/><counter type="BRANCH" missed="1" covered="3"/><counter type="LINE" missed="2" covered="5"/><counter type="COMPLEXITY" missed="2" covered="3"/><counter type="METHOD" missed="1" covered="2"/><counter type="CLASS" missed="0" covered="1"/></class><class name="com/example/Lion" sourcefilename="Lion.java"><method name="&lt;init&gt;" desc="(Ljava/lang/String;)V" line="9"><counter type="INSTRUCTION" missed="5" covered="19"/><counter type="BRANCH" missed="1" covered="3"/><counter type="LINE" missed="1" covered="6"/><counter type="COMPLEXITY" missed="1" covered="2"/><counter type="METHOD" missed="0" covered="1"/></method><method name="&lt;init&gt;" desc="(Lcom/example/Feline;)V" line="21"><counter type="INSTRUCTION" missed="0" covered="6"/><counter type="LINE" missed="0" covered="3"/><counter type="COMPLEXITY" missed="0" covered="1"/><counter type="METHOD" missed="0" covered="1"/></method><method name="getKittens" desc="()I" line="26"><counter type="INSTRUCTION" missed="0" covered="4"/><counter type="LINE" missed="0" covered="1"/><counter type="COMPLEXITY" missed="0" covered="1"/><counter type="METHOD" missed="0" covered="1"/></method><method name="doesHaveMane" desc="()Z" line="30"><counter type="INSTRUCTION" missed="0" covered="3"/><counter type="LINE" missed="0" covered="1"/><counter type="COMPLEXITY" missed="0" covered="1"/><counter type="METHOD" missed="0" covered="1"/></method><method name="getFood" desc="()Ljava/util/List;" line="34"><counter type="INSTRUCTION" missed="5" covered="0"/><counter type="LINE" missed="1" covered="0"/><counter type="COMPLEXITY" missed="1" covered="0"/><counter type="METHOD" missed="1" covered="0"/></method><counter type="INSTRUCTION" missed="10" covered="32"/><counter type="BRANCH" missed="1" covered="3"/><counter type="LINE" missed="2" covered="11"/><counter type="COMPLEXITY" missed="2" covered="5"/><counter type="METHOD" missed="1" covered="4"/><counter type="CLASS" missed="0" covered="1"/></class><class name="com/example/Predator" sourcefilename="Predator.java"/><class name="com/example/Cat" sourcefilename="Cat.java"><method name="&lt;init&gt;" desc="(Lcom/example/Feline;)V" line="9"><counter type="INSTRUCTION" missed="0" covered="6"/><counter type="LINE" missed="0" covered="3"/><counter type="COMPLEXITY" missed="0" covered="1"/><counter type="METHOD" missed="0" covered="1"/></method><method name="getSound" desc="()Ljava/lang/String;" line="14"><counter type="INSTRUCTION" missed="0" covered="2"/><counter type="LINE" missed="0" covered="1"/><counter type="COMPLEXITY" missed="0" covered="1"/><counter type="METHOD" missed="0" covered="1"/></method><method name="getFood" desc="()Ljava/util/List;" line="18"><counter type="INSTRUCTION" missed="0" covered="4"/><counter type="LINE" missed="0" covered="1"/><counter type="COMPLEXITY" missed="0" covered="1"/><counter type="METHOD" missed="0" covered="1"/></method><counter type="INSTRUCTION" missed="0" covered="12"/><counter type="LINE" missed="0" covered="5"/><counter type="COMPLEXITY" missed="0" covered="3"/><counter type="METHOD" missed="0" covered="3"/><counter type="CLASS" missed="0" covered="1"/></class><sourcefile name="Lion.java"><line nr="9" mi="0" ci="2" mb="0" cb="0"/><line nr="10" mi="0" ci="4" mb="0" cb="2"/><line nr="11" mi="0" ci="4" mb="0" cb="0"/><line nr="12" mi="0" ci="4" mb="1" cb="1"/><line nr="13" mi="0" ci="4" mb="0" cb="0"/><line nr="15" mi="5" ci="0" mb="0" cb="0"/><line nr="17" mi="0" ci="1" mb="0" cb="0"/><line nr="21" mi="0" ci="2" mb="0" cb="0"/><line nr="22" mi="0" ci="3" mb="0" cb="0"/><line nr="23" mi="0" ci="1" mb="0" cb="0"/><line nr="26" mi="0" ci="4" mb="0" cb="0"/><line nr="30" mi="0" ci="3" mb="0" cb="0"/><line nr="34" mi="5" ci="0" mb="0" cb="0"/><counter type="INSTRUCTION" missed="10" covered="32"/><counter type="BRANCH" missed="1" covered="3"/><counter type="LINE" missed="2" covered="11"/><counter type="COMPLEXITY" missed="2" covered="5"/><counter type="METHOD" missed="1" covered="4"/><counter type="CLASS" missed="0" covered="1"/></sourcefile><sourcefile name="Predator.java"/><sourcefile name="Animal.java"><line nr="5" mi="0" ci="3" mb="0" cb="0"/><line nr="8" mi="0" ci="4" mb="1" cb="1"/><line nr="9" mi="4" ci="0" mb="0" cb="0"/><line nr="10" mi="0" ci="4" mb="0" cb="2"/><line nr="11" mi="0" ci="5" mb="0" cb="0"/><line nr="13" mi="0" ci="5" mb="0" cb="0"/><line nr="18" mi="2" ci="0" mb="0" cb="0"/><counter type="INSTRUCTION" missed="6" covered="21"/><counter type="BRANCH" missed="1" covered="3"/><counter type="LINE" missed="2" covered="5"/><counter type="COMPLEXITY" missed="2" covered="3"/><counter type="METHOD" missed="1" covered="2"/><counter type="CLASS" missed="0" covered="1"/></sourcefile><sourcefile name="Feline.java"><line nr="5" mi="0" ci="3" mb="0" cb="0"/><line nr="9" mi="4" ci="0" mb="0" cb="0"/><line nr="14" mi="0" ci="2" mb="0" cb="0"/><line nr="18" mi="0" ci="4" mb="0" cb="0"/><line nr="22" mi="0" ci="2" mb="0" cb="0"/><counter type="INSTRUCTION" missed="4" covered="11"/><counter type="LINE" missed="1" covered="4"/><counter type="COMPLEXITY" missed="1" covered="4"/><counter type="METHOD" missed="1" covered="4"/><counter type="CLASS" missed="0" covered="1"/></sourcefile><sourcefile name="Cat.java"><line nr="9" mi="0" ci="2" mb="0" cb="0"/><line nr="10" mi="0" ci="3" mb="0" cb="0"/><line nr="11" mi="0" ci="1" mb="0" cb="0"/><line nr="14" mi="0" ci="2" mb="0" cb="0"/><line nr="18" mi="0" ci="4" mb="0" cb="0"/><counter type="INSTRUCTION" missed="0" covered="12"/><counter type="LINE" missed="0" covered="5"/><counter type="COMPLEXITY" missed="0" covered="3"/><counter type="METHOD" missed="0" covered="3"/><counter type="CLASS" missed="0" covered="1"/></sourcefile><counter type="INSTRUCTION" missed="20" covered="76"/><counter type="BRANCH" missed="2" covered="6"/><counter type="LINE" missed="5" covered="25"/><counter type="COMPLEXITY" missed="5" covered="15"/><counter type="METHOD" missed="3" covered="13"/><counter type="CLASS" missed="0" covered="4"/></package><counter type="INSTRUCTION" missed="20" covered="76"/><counter type="BRANCH" missed="2" covered="6"/><counter type="LINE" missed="5" covered="25"/><counter type="COMPLEXITY" missed="5" covered="15"/><counter type="METHOD" missed="3" covered="13"/><counter type="CLASS" missed="0" covered="4"/></report>